[debug] [2018-01-18T14:53:20.603Z] ----------------------------------------------------------------------
[debug] [2018-01-18T14:53:20.605Z] Command:       C:\Program Files\nodejs\node.exe C:\Users\aainouz\AppData\Roaming\npm\node_modules\firebase-tools\bin\firebase deploy --only functions:user_approved_to_event
[debug] [2018-01-18T14:53:20.605Z] CLI Version:   3.16.0
[debug] [2018-01-18T14:53:20.605Z] Platform:      win32
[debug] [2018-01-18T14:53:20.605Z] Node Version:  v8.9.3
[debug] [2018-01-18T14:53:20.606Z] Time:          Thu Jan 18 2018 16:53:20 GMT+0200 (Jerusalem Standard Time)
[debug] [2018-01-18T14:53:20.606Z] ----------------------------------------------------------------------
[debug] 
[debug] [2018-01-18T14:53:20.618Z] > command requires scopes: ["email","openid","https://www.googleapis.com/auth/cloudplatformprojects.readonly","https://www.googleapis.com/auth/firebase","https://www.googleapis.com/auth/cloud-platform"]
[debug] [2018-01-18T14:53:20.618Z] > authorizing via signed-in user
[debug] [2018-01-18T14:53:20.620Z] >>> HTTP REQUEST GET https://admin.firebase.com/v1/projects/clubears-156821  
  
 Thu Jan 18 2018 16:53:20 GMT+0200 (Jerusalem Standard Time)
[debug] [2018-01-18T14:53:21.664Z] <<< HTTP RESPONSE 200
[debug] [2018-01-18T14:53:21.665Z] >>> HTTP REQUEST GET https://admin.firebase.com/v1/database/clubears-156821/tokens  
  
 Thu Jan 18 2018 16:53:21 GMT+0200 (Jerusalem Standard Time)
[debug] [2018-01-18T14:53:22.585Z] <<< HTTP RESPONSE 200
[info] 
[info] === Deploying to 'clubears-156821'...
[info] 
[info] i  deploying functions
[debug] [2018-01-18T14:53:23.592Z] > [functions] package.json contents: {
  "name": "functions",
  "description": "Cloud Functions for Firebase",
  "scripts": {
    "serve": "firebase serve --only functions",
    "shell": "firebase experimental:functions:shell",
    "start": "npm run shell",
    "deploy": "firebase deploy --only functions",
    "logs": "firebase functions:log"
  },
  "dependencies": {
    "firebase-admin": "~5.5.0",
    "firebase-functions": "^0.7.1"
  },
  "private": true
}
[info] i  functions: ensuring necessary APIs are enabled...
[debug] [2018-01-18T14:53:23.597Z] >>> HTTP REQUEST GET https://servicemanagement.googleapis.com/v1/services/cloudfunctions.googleapis.com/projectSettings/clubears-156821?view=CONSUMER_VIEW  
  
 Thu Jan 18 2018 16:53:23 GMT+0200 (Jerusalem Standard Time)
[debug] [2018-01-18T14:53:23.597Z] >>> HTTP REQUEST GET https://servicemanagement.googleapis.com/v1/services/runtimeconfig.googleapis.com/projectSettings/clubears-156821?view=CONSUMER_VIEW  
  
 Thu Jan 18 2018 16:53:23 GMT+0200 (Jerusalem Standard Time)
[debug] [2018-01-18T14:53:24.871Z] <<< HTTP RESPONSE 200
[debug] [2018-01-18T14:53:24.945Z] <<< HTTP RESPONSE 200
[info] +  functions: all necessary APIs are enabled
[debug] [2018-01-18T14:53:24.947Z] >>> HTTP REQUEST GET https://appengine.googleapis.com/v1/apps/clubears-156821  
  
 Thu Jan 18 2018 16:53:24 GMT+0200 (Jerusalem Standard Time)
[debug] [2018-01-18T14:53:24.947Z] >>> HTTP REQUEST GET https://apikeys.googleapis.com/v1/projects/clubears-156821/apiKeys  
  
 Thu Jan 18 2018 16:53:24 GMT+0200 (Jerusalem Standard Time)
[debug] [2018-01-18T14:53:25.948Z] <<< HTTP RESPONSE 200
[debug] [2018-01-18T14:53:25.981Z] <<< HTTP RESPONSE 200
